    53>D:\projects\misis2023f-23-check\misis2024s-23-01-bauer-v-v\prj.app\timing_q\timing_q.cpp(51,8): warning C4834: discarding return value of function with [[nodiscard]] attribute [D:\projects\misis2023f-23-check\misis2024s-23-01-bauer-v-v\build.check\prj.app\timing_q\timing_q.vcxproj]
    53>D:\projects\misis2023f-23-check\misis2024s-23-01-bauer-v-v\prj.app\timing_q\timing_q.cpp(59,8): warning C4834: discarding return value of function with [[nodiscard]] attribute [D:\projects\misis2023f-23-check\misis2024s-23-01-bauer-v-v\build.check\prj.app\timing_q\timing_q.vcxproj]
    53>D:\projects\misis2023f-23-check\misis2024s-23-01-bauer-v-v\prj.app\timing_q\timing_q.cpp(66,8): warning C4834: discarding return value of function with [[nodiscard]] attribute [D:\projects\misis2023f-23-check\misis2024s-23-01-bauer-v-v\build.check\prj.app\timing_q\timing_q.vcxproj]
    42>D:\projects\misis2023f-23-check\misis2024s-23-01-bauer-v-v\prj.test\test_bitset.cpp(46,3): warning C4834: discarding return value of function with [[nodiscard]] attribute [D:\projects\misis2023f-23-check\misis2024s-23-01-bauer-v-v\build.check\prj.test\test_bitset.vcxproj]
    42>D:\projects\misis2023f-23-check\misis2024s-23-01-bauer-v-v\prj.test\test_bitset.cpp(47,3): warning C4834: discarding return value of function with [[nodiscard]] attribute [D:\projects\misis2023f-23-check\misis2024s-23-01-bauer-v-v\build.check\prj.test\test_bitset.vcxproj]
    42>D:\projects\misis2023f-23-check\misis2024s-23-01-bauer-v-v\prj.test\test_bitset.cpp(93,3): warning C4834: discarding return value of function with [[nodiscard]] attribute [D:\projects\misis2023f-23-check\misis2024s-23-01-bauer-v-v\build.check\prj.test\test_bitset.vcxproj]
    42>D:\projects\misis2023f-23-check\misis2024s-23-01-bauer-v-v\prj.test\test_bitset.cpp(95,3): warning C4834: discarding return value of function with [[nodiscard]] attribute [D:\projects\misis2023f-23-check\misis2024s-23-01-bauer-v-v\build.check\prj.test\test_bitset.vcxproj]
    42>D:\projects\misis2023f-23-check\misis2024s-23-01-bauer-v-v\prj.test\test_bitset.cpp(96,3): warning C4834: discarding return value of function with [[nodiscard]] attribute [D:\projects\misis2023f-23-check\misis2024s-23-01-bauer-v-v\build.check\prj.test\test_bitset.vcxproj]
    42>D:\projects\misis2023f-23-check\misis2024s-23-01-bauer-v-v\prj.test\doctest.h(1529,7): warning C4805: '==': unsafe mix of type 'T' and type 'T' in operation [D:\projects\misis2023f-23-check\misis2024s-23-01-bauer-v-v\build.check\prj.test\test_bitset.vcxproj]
D:\projects\misis2023f-23-check\misis2024s-23-01-bauer-v-v\prj.test\doctest.h(1529,7): warning C4805:         with [D:\projects\misis2023f-23-check\misis2024s-23-01-bauer-v-v\build.check\prj.test\test_bitset.vcxproj]
D:\projects\misis2023f-23-check\misis2024s-23-01-bauer-v-v\prj.test\doctest.h(1529,7): warning C4805:         [ [D:\projects\misis2023f-23-check\misis2024s-23-01-bauer-v-v\build.check\prj.test\test_bitset.vcxproj]
D:\projects\misis2023f-23-check\misis2024s-23-01-bauer-v-v\prj.test\doctest.h(1529,7): warning C4805:             T=bool [D:\projects\misis2023f-23-check\misis2024s-23-01-bauer-v-v\build.check\prj.test\test_bitset.vcxproj]
D:\projects\misis2023f-23-check\misis2024s-23-01-bauer-v-v\prj.test\doctest.h(1529,7): warning C4805:         ] [D:\projects\misis2023f-23-check\misis2024s-23-01-bauer-v-v\build.check\prj.test\test_bitset.vcxproj]
D:\projects\misis2023f-23-check\misis2024s-23-01-bauer-v-v\prj.test\doctest.h(1529,7): warning C4805:         and [D:\projects\misis2023f-23-check\misis2024s-23-01-bauer-v-v\build.check\prj.test\test_bitset.vcxproj]
D:\projects\misis2023f-23-check\misis2024s-23-01-bauer-v-v\prj.test\doctest.h(1529,7): warning C4805:         [ [D:\projects\misis2023f-23-check\misis2024s-23-01-bauer-v-v\build.check\prj.test\test_bitset.vcxproj]
D:\projects\misis2023f-23-check\misis2024s-23-01-bauer-v-v\prj.test\doctest.h(1529,7): warning C4805:             T=int [D:\projects\misis2023f-23-check\misis2024s-23-01-bauer-v-v\build.check\prj.test\test_bitset.vcxproj]
D:\projects\misis2023f-23-check\misis2024s-23-01-bauer-v-v\prj.test\doctest.h(1529,7): warning C4805:         ] [D:\projects\misis2023f-23-check\misis2024s-23-01-bauer-v-v\build.check\prj.test\test_bitset.vcxproj]
    42>D:\projects\misis2023f-23-check\misis2024s-23-01-bauer-v-v\prj.test\doctest.h(1476,5): warning C4805: '==': unsafe mix of type 'const L' and type 'const R' in operation [D:\projects\misis2023f-23-check\misis2024s-23-01-bauer-v-v\build.check\prj.test\test_bitset.vcxproj]
D:\projects\misis2023f-23-check\misis2024s-23-01-bauer-v-v\prj.test\doctest.h(1476,5): warning C4805:         with [D:\projects\misis2023f-23-check\misis2024s-23-01-bauer-v-v\build.check\prj.test\test_bitset.vcxproj]
D:\projects\misis2023f-23-check\misis2024s-23-01-bauer-v-v\prj.test\doctest.h(1476,5): warning C4805:         [ [D:\projects\misis2023f-23-check\misis2024s-23-01-bauer-v-v\build.check\prj.test\test_bitset.vcxproj]
D:\projects\misis2023f-23-check\misis2024s-23-01-bauer-v-v\prj.test\doctest.h(1476,5): warning C4805:             L=int [D:\projects\misis2023f-23-check\misis2024s-23-01-bauer-v-v\build.check\prj.test\test_bitset.vcxproj]
D:\projects\misis2023f-23-check\misis2024s-23-01-bauer-v-v\prj.test\doctest.h(1476,5): warning C4805:         ] [D:\projects\misis2023f-23-check\misis2024s-23-01-bauer-v-v\build.check\prj.test\test_bitset.vcxproj]
D:\projects\misis2023f-23-check\misis2024s-23-01-bauer-v-v\prj.test\doctest.h(1476,5): warning C4805:         and [D:\projects\misis2023f-23-check\misis2024s-23-01-bauer-v-v\build.check\prj.test\test_bitset.vcxproj]
D:\projects\misis2023f-23-check\misis2024s-23-01-bauer-v-v\prj.test\doctest.h(1476,5): warning C4805:         [ [D:\projects\misis2023f-23-check\misis2024s-23-01-bauer-v-v\build.check\prj.test\test_bitset.vcxproj]
D:\projects\misis2023f-23-check\misis2024s-23-01-bauer-v-v\prj.test\doctest.h(1476,5): warning C4805:             R=bool [D:\projects\misis2023f-23-check\misis2024s-23-01-bauer-v-v\build.check\prj.test\test_bitset.vcxproj]
D:\projects\misis2023f-23-check\misis2024s-23-01-bauer-v-v\prj.test\doctest.h(1476,5): warning C4805:         ] [D:\projects\misis2023f-23-check\misis2024s-23-01-bauer-v-v\build.check\prj.test\test_bitset.vcxproj]
    52>D:\projects\misis2023f-23-check\misis2024s-23-01-bauer-v-v\prj.test\test_stackarrt.cpp(49,5): warning C4834: discarding return value of function with [[nodiscard]] attribute [D:\projects\misis2023f-23-check\misis2024s-23-01-bauer-v-v\build.check\prj.test\test_stackarrt.vcxproj]
    51>D:\projects\misis2023f-23-check\misis2024s-23-01-bauer-v-v\prj.test\test_queuelstt.cpp(70,7): warning C4834: discarding return value of function with [[nodiscard]] attribute [D:\projects\misis2023f-23-check\misis2024s-23-01-bauer-v-v\build.check\prj.test\test_queuelstt.vcxproj]
    51>D:\projects\misis2023f-23-check\misis2024s-23-01-bauer-v-v\prj.test\test_queuelstt.cpp(72,5): warning C4834: discarding return value of function with [[nodiscard]] attribute [D:\projects\misis2023f-23-check\misis2024s-23-01-bauer-v-v\build.check\prj.test\test_queuelstt.vcxproj]
    51>D:\projects\misis2023f-23-check\misis2024s-23-01-bauer-v-v\prj.test\test_queuelstt.cpp(106,7): warning C4834: discarding return value of function with [[nodiscard]] attribute [D:\projects\misis2023f-23-check\misis2024s-23-01-bauer-v-v\build.check\prj.test\test_queuelstt.vcxproj]
    51>D:\projects\misis2023f-23-check\misis2024s-23-01-bauer-v-v\prj.test\test_queuelstt.cpp(120,7): warning C4834: discarding return value of function with [[nodiscard]] attribute [D:\projects\misis2023f-23-check\misis2024s-23-01-bauer-v-v\build.check\prj.test\test_queuelstt.vcxproj]
    51>D:\projects\misis2023f-23-check\misis2024s-23-01-bauer-v-v\prj.test\test_queuelstt.cpp(149,7): warning C4834: discarding return value of function with [[nodiscard]] attribute [D:\projects\misis2023f-23-check\misis2024s-23-01-bauer-v-v\build.check\prj.test\test_queuelstt.vcxproj]
    52>D:\projects\misis2023f-23-check\misis2024s-23-01-bauer-v-v\prj.test\test_stackarrt.cpp(76,9): warning C4834: discarding return value of function with [[nodiscard]] attribute [D:\projects\misis2023f-23-check\misis2024s-23-01-bauer-v-v\build.check\prj.test\test_stackarrt.vcxproj]
    52>D:\projects\misis2023f-23-check\misis2024s-23-01-bauer-v-v\prj.test\test_stackarrt.cpp(125,7): warning C4834: discarding return value of function with [[nodiscard]] attribute [D:\projects\misis2023f-23-check\misis2024s-23-01-bauer-v-v\build.check\prj.test\test_stackarrt.vcxproj]
    14>D:\projects\misis2023f-23-check\misis2024s-23-01-bauer-v-v\prj.check\prj.check\doctest_queuelst\doctest_queuelst.cpp(32,11): warning C4834: discarding return value of function with [[nodiscard]] attribute [D:\projects\misis2023f-23-check\misis2024s-23-01-bauer-v-v\build.check\prj.check\prj.check\doctest_queuelst\doctest_queuelst.vcxproj]
    14>D:\projects\misis2023f-23-check\misis2024s-23-01-bauer-v-v\prj.check\prj.check\doctest_queuelst\doctest_queuelst.cpp(90,12): warning C4834: discarding return value of function with [[nodiscard]] attribute [D:\projects\misis2023f-23-check\misis2024s-23-01-bauer-v-v\build.check\prj.check\prj.check\doctest_queuelst\doctest_queuelst.vcxproj]
    14>D:\projects\misis2023f-23-check\misis2024s-23-01-bauer-v-v\prj.check\prj.check\doctest_queuelst\doctest_queuelst.cpp(96,11): warning C4834: discarding return value of function with [[nodiscard]] attribute [D:\projects\misis2023f-23-check\misis2024s-23-01-bauer-v-v\build.check\prj.check\prj.check\doctest_queuelst\doctest_queuelst.vcxproj]
    14>D:\projects\misis2023f-23-check\misis2024s-23-01-bauer-v-v\prj.check\prj.check\doctest_queuelst\doctest_queuelst.cpp(103,11): warning C4834: discarding return value of function with [[nodiscard]] attribute [D:\projects\misis2023f-23-check\misis2024s-23-01-bauer-v-v\build.check\prj.check\prj.check\doctest_queuelst\doctest_queuelst.vcxproj]
    14>D:\projects\misis2023f-23-check\misis2024s-23-01-bauer-v-v\prj.check\prj.check\doctest_queuelst\doctest_queuelst.cpp(114,11): warning C4834: discarding return value of function with [[nodiscard]] attribute [D:\projects\misis2023f-23-check\misis2024s-23-01-bauer-v-v\build.check\prj.check\prj.check\doctest_queuelst\doctest_queuelst.vcxproj]
    43>D:\projects\misis2023f-23-check\misis2024s-23-01-bauer-v-v\prj.test\test_queue.cpp(42,5): warning C4834: discarding return value of function with [[nodiscard]] attribute [D:\projects\misis2023f-23-check\misis2024s-23-01-bauer-v-v\build.check\prj.test\test_queue.vcxproj]
    43>D:\projects\misis2023f-23-check\misis2024s-23-01-bauer-v-v\prj.test\test_queue.cpp(56,5): warning C4834: discarding return value of function with [[nodiscard]] attribute [D:\projects\misis2023f-23-check\misis2024s-23-01-bauer-v-v\build.check\prj.test\test_queue.vcxproj]
    43>D:\projects\misis2023f-23-check\misis2024s-23-01-bauer-v-v\prj.test\test_queue.cpp(83,5): warning C4834: discarding return value of function with [[nodiscard]] attribute [D:\projects\misis2023f-23-check\misis2024s-23-01-bauer-v-v\build.check\prj.test\test_queue.vcxproj]
    43>D:\projects\misis2023f-23-check\misis2024s-23-01-bauer-v-v\prj.test\test_queue.cpp(91,5): warning C4834: discarding return value of function with [[nodiscard]] attribute [D:\projects\misis2023f-23-check\misis2024s-23-01-bauer-v-v\build.check\prj.test\test_queue.vcxproj]
    43>D:\projects\misis2023f-23-check\misis2024s-23-01-bauer-v-v\prj.test\test_queue.cpp(99,3): warning C4834: discarding return value of function with [[nodiscard]] attribute [D:\projects\misis2023f-23-check\misis2024s-23-01-bauer-v-v\build.check\prj.test\test_queue.vcxproj]
    43>D:\projects\misis2023f-23-check\misis2024s-23-01-bauer-v-v\prj.test\test_queue.cpp(137,5): warning C4834: discarding return value of function with [[nodiscard]] attribute [D:\projects\misis2023f-23-check\misis2024s-23-01-bauer-v-v\build.check\prj.test\test_queue.vcxproj]
    44>D:\projects\misis2023f-23-check\misis2024s-23-01-bauer-v-v\prj.test\test_queuearrt.cpp(82,5): warning C4834: discarding return value of function with [[nodiscard]] attribute [D:\projects\misis2023f-23-check\misis2024s-23-01-bauer-v-v\build.check\prj.test\test_queuearrt.vcxproj]
    44>D:\projects\misis2023f-23-check\misis2024s-23-01-bauer-v-v\prj.test\test_queuearrt.cpp(83,5): warning C4834: discarding return value of function with [[nodiscard]] attribute [D:\projects\misis2023f-23-check\misis2024s-23-01-bauer-v-v\build.check\prj.test\test_queuearrt.vcxproj]
    44>D:\projects\misis2023f-23-check\misis2024s-23-01-bauer-v-v\prj.test\test_queuearrt.cpp(93,8): warning C4834: discarding return value of function with [[nodiscard]] attribute [D:\projects\misis2023f-23-check\misis2024s-23-01-bauer-v-v\build.check\prj.test\test_queuearrt.vcxproj]
    44>D:\projects\misis2023f-23-check\misis2024s-23-01-bauer-v-v\prj.test\test_queuearrt.cpp(125,8): warning C4834: discarding return value of function with [[nodiscard]] attribute [D:\projects\misis2023f-23-check\misis2024s-23-01-bauer-v-v\build.check\prj.test\test_queuearrt.vcxproj]
    44>D:\projects\misis2023f-23-check\misis2024s-23-01-bauer-v-v\prj.test\test_queuearrt.cpp(170,7): warning C4834: discarding return value of function with [[nodiscard]] attribute [D:\projects\misis2023f-23-check\misis2024s-23-01-bauer-v-v\build.check\prj.test\test_queuearrt.vcxproj]
    23>D:\projects\misis2023f-23-check\misis2024s-23-01-bauer-v-v\prj.check\prj.check\doctest_t.hpp(71,13): warning C4834: discarding return value of function with [[nodiscard]] attribute [D:\projects\misis2023f-23-check\misis2024s-23-01-bauer-v-v\build.check\prj.check\prj.check\doctest_queuelst\doctest_queuelst_m.vcxproj]
    50>D:\projects\misis2023f-23-check\misis2024s-23-01-bauer-v-v\prj.test\test_stacklist.cpp(19,5): warning C4834: discarding return value of function with [[nodiscard]] attribute [D:\projects\misis2023f-23-check\misis2024s-23-01-bauer-v-v\build.check\prj.test\test_stacklist.vcxproj]
    50>D:\projects\misis2023f-23-check\misis2024s-23-01-bauer-v-v\prj.test\test_stacklist.cpp(37,5): warning C4834: discarding return value of function with [[nodiscard]] attribute [D:\projects\misis2023f-23-check\misis2024s-23-01-bauer-v-v\build.check\prj.test\test_stacklist.vcxproj]
    50>D:\projects\misis2023f-23-check\misis2024s-23-01-bauer-v-v\prj.test\test_stacklist.cpp(84,5): warning C4834: discarding return value of function with [[nodiscard]] attribute [D:\projects\misis2023f-23-check\misis2024s-23-01-bauer-v-v\build.check\prj.test\test_stacklist.vcxproj]
    33>D:\projects\misis2023f-23-check\misis2024s-23-01-bauer-v-v\prj.check\prj.check\doctest_stacklst\doctest_stacklst.cpp(32,11): warning C4834: discarding return value of function with [[nodiscard]] attribute [D:\projects\misis2023f-23-check\misis2024s-23-01-bauer-v-v\build.check\prj.check\prj.check\doctest_stacklst\doctest_stacklst.vcxproj]
    33>D:\projects\misis2023f-23-check\misis2024s-23-01-bauer-v-v\prj.check\prj.check\doctest_stacklst\doctest_stacklst.cpp(61,12): warning C4834: discarding return value of function with [[nodiscard]] attribute [D:\projects\misis2023f-23-check\misis2024s-23-01-bauer-v-v\build.check\prj.check\prj.check\doctest_stacklst\doctest_stacklst.vcxproj]
    33>D:\projects\misis2023f-23-check\misis2024s-23-01-bauer-v-v\prj.check\prj.check\doctest_stacklst\doctest_stacklst.cpp(67,11): warning C4834: discarding return value of function with [[nodiscard]] attribute [D:\projects\misis2023f-23-check\misis2024s-23-01-bauer-v-v\build.check\prj.check\prj.check\doctest_stacklst\doctest_stacklst.vcxproj]
    33>D:\projects\misis2023f-23-check\misis2024s-23-01-bauer-v-v\prj.check\prj.check\doctest_stacklst\doctest_stacklst.cpp(74,11): warning C4834: discarding return value of function with [[nodiscard]] attribute [D:\projects\misis2023f-23-check\misis2024s-23-01-bauer-v-v\build.check\prj.check\prj.check\doctest_stacklst\doctest_stacklst.vcxproj]
    33>D:\projects\misis2023f-23-check\misis2024s-23-01-bauer-v-v\prj.check\prj.check\doctest_stacklst\doctest_stacklst.cpp(85,11): warning C4834: discarding return value of function with [[nodiscard]] attribute [D:\projects\misis2023f-23-check\misis2024s-23-01-bauer-v-v\build.check\prj.check\prj.check\doctest_stacklst\doctest_stacklst.vcxproj]
    22>D:\projects\misis2023f-23-check\misis2024s-23-01-bauer-v-v\prj.check\prj.check\doctest_t.hpp(71,13): warning C4834: discarding return value of function with [[nodiscard]] attribute [D:\projects\misis2023f-23-check\misis2024s-23-01-bauer-v-v\build.check\prj.check\prj.check\doctest_queuearr\doctest_queuearr_m.vcxproj]
    45>D:\projects\misis2023f-23-check\misis2024s-23-01-bauer-v-v\prj.test\test_queuearr.cpp(41,3): warning C4834: discarding return value of function with [[nodiscard]] attribute [D:\projects\misis2023f-23-check\misis2024s-23-01-bauer-v-v\build.check\prj.test\test_queuearr.vcxproj]
    45>D:\projects\misis2023f-23-check\misis2024s-23-01-bauer-v-v\prj.test\test_queuearr.cpp(42,3): warning C4834: discarding return value of function with [[nodiscard]] attribute [D:\projects\misis2023f-23-check\misis2024s-23-01-bauer-v-v\build.check\prj.test\test_queuearr.vcxproj]
    45>D:\projects\misis2023f-23-check\misis2024s-23-01-bauer-v-v\prj.test\test_queuearr.cpp(52,6): warning C4834: discarding return value of function with [[nodiscard]] attribute [D:\projects\misis2023f-23-check\misis2024s-23-01-bauer-v-v\build.check\prj.test\test_queuearr.vcxproj]
    35>D:\projects\misis2023f-23-check\misis2024s-23-01-bauer-v-v\prj.check\prj.check\doctest_stackarr\doctest_stackarr.cpp(33,11): warning C4834: discarding return value of function with [[nodiscard]] attribute [D:\projects\misis2023f-23-check\misis2024s-23-01-bauer-v-v\build.check\prj.check\prj.check\doctest_stackarr\doctest_stackarr.vcxproj]
    45>D:\projects\misis2023f-23-check\misis2024s-23-01-bauer-v-v\prj.test\test_queuearr.cpp(83,6): warning C4834: discarding return value of function with [[nodiscard]] attribute [D:\projects\misis2023f-23-check\misis2024s-23-01-bauer-v-v\build.check\prj.test\test_queuearr.vcxproj]
    17>D:\projects\misis2023f-23-check\misis2024s-23-01-bauer-v-v\prj.check\prj.check\doctest_queuearr\doctest_queuearr.cpp(58,11): warning C4834: discarding return value of function with [[nodiscard]] attribute [D:\projects\misis2023f-23-check\misis2024s-23-01-bauer-v-v\build.check\prj.check\prj.check\doctest_queuearr\doctest_queuearr.vcxproj]
    17>D:\projects\misis2023f-23-check\misis2024s-23-01-bauer-v-v\prj.check\prj.check\doctest_queuearr\doctest_queuearr.cpp(116,12): warning C4834: discarding return value of function with [[nodiscard]] attribute [D:\projects\misis2023f-23-check\misis2024s-23-01-bauer-v-v\build.check\prj.check\prj.check\doctest_queuearr\doctest_queuearr.vcxproj]
    17>D:\projects\misis2023f-23-check\misis2024s-23-01-bauer-v-v\prj.check\prj.check\doctest_queuearr\doctest_queuearr.cpp(122,11): warning C4834: discarding return value of function with [[nodiscard]] attribute [D:\projects\misis2023f-23-check\misis2024s-23-01-bauer-v-v\build.check\prj.check\prj.check\doctest_queuearr\doctest_queuearr.vcxproj]
    17>D:\projects\misis2023f-23-check\misis2024s-23-01-bauer-v-v\prj.check\prj.check\doctest_queuearr\doctest_queuearr.cpp(129,11): warning C4834: discarding return value of function with [[nodiscard]] attribute [D:\projects\misis2023f-23-check\misis2024s-23-01-bauer-v-v\build.check\prj.check\prj.check\doctest_queuearr\doctest_queuearr.vcxproj]
    17>D:\projects\misis2023f-23-check\misis2024s-23-01-bauer-v-v\prj.check\prj.check\doctest_queuearr\doctest_queuearr.cpp(140,11): warning C4834: discarding return value of function with [[nodiscard]] attribute [D:\projects\misis2023f-23-check\misis2024s-23-01-bauer-v-v\build.check\prj.check\prj.check\doctest_queuearr\doctest_queuearr.vcxproj]
    45>D:\projects\misis2023f-23-check\misis2024s-23-01-bauer-v-v\prj.test\test_queuearr.cpp(133,5): warning C4834: discarding return value of function with [[nodiscard]] attribute [D:\projects\misis2023f-23-check\misis2024s-23-01-bauer-v-v\build.check\prj.test\test_queuearr.vcxproj]
    35>D:\projects\misis2023f-23-check\misis2024s-23-01-bauer-v-v\prj.check\prj.check\doctest_stackarr\doctest_stackarr.cpp(62,12): warning C4834: discarding return value of function with [[nodiscard]] attribute [D:\projects\misis2023f-23-check\misis2024s-23-01-bauer-v-v\build.check\prj.check\prj.check\doctest_stackarr\doctest_stackarr.vcxproj]
    35>D:\projects\misis2023f-23-check\misis2024s-23-01-bauer-v-v\prj.check\prj.check\doctest_stackarr\doctest_stackarr.cpp(68,11): warning C4834: discarding return value of function with [[nodiscard]] attribute [D:\projects\misis2023f-23-check\misis2024s-23-01-bauer-v-v\build.check\prj.check\prj.check\doctest_stackarr\doctest_stackarr.vcxproj]
    35>D:\projects\misis2023f-23-check\misis2024s-23-01-bauer-v-v\prj.check\prj.check\doctest_stackarr\doctest_stackarr.cpp(75,11): warning C4834: discarding return value of function with [[nodiscard]] attribute [D:\projects\misis2023f-23-check\misis2024s-23-01-bauer-v-v\build.check\prj.check\prj.check\doctest_stackarr\doctest_stackarr.vcxproj]
    48>D:\projects\misis2023f-23-check\misis2024s-23-01-bauer-v-v\prj.test\test_stack.cpp(9,3): warning C4834: discarding return value of function with [[nodiscard]] attribute [D:\projects\misis2023f-23-check\misis2024s-23-01-bauer-v-v\build.check\prj.test\test_stack.vcxproj]
    48>D:\projects\misis2023f-23-check\misis2024s-23-01-bauer-v-v\prj.test\test_stack.cpp(42,7): warning C4834: discarding return value of function with [[nodiscard]] attribute [D:\projects\misis2023f-23-check\misis2024s-23-01-bauer-v-v\build.check\prj.test\test_stack.vcxproj]
    48>D:\projects\misis2023f-23-check\misis2024s-23-01-bauer-v-v\prj.test\test_stack.cpp(113,5): warning C4834: discarding return value of function with [[nodiscard]] attribute [D:\projects\misis2023f-23-check\misis2024s-23-01-bauer-v-v\build.check\prj.test\test_stack.vcxproj]
    31>D:\projects\misis2023f-23-check\misis2024s-23-01-bauer-v-v\prj.check\prj.check\doctest_t.hpp(71,13): warning C4834: discarding return value of function with [[nodiscard]] attribute [D:\projects\misis2023f-23-check\misis2024s-23-01-bauer-v-v\build.check\prj.check\prj.check\doctest_stacklst\doctest_stacklst_m.vcxproj]
    30>D:\projects\misis2023f-23-check\misis2024s-23-01-bauer-v-v\prj.check\prj.check\doctest_t.hpp(71,13): warning C4834: discarding return value of function with [[nodiscard]] attribute [D:\projects\misis2023f-23-check\misis2024s-23-01-bauer-v-v\build.check\prj.check\prj.check\doctest_stackarr\doctest_stackarr_m.vcxproj]
    49>D:\projects\misis2023f-23-check\misis2024s-23-01-bauer-v-v\prj.test\test_stacklstt.cpp(52,7): warning C4834: discarding return value of function with [[nodiscard]] attribute [D:\projects\misis2023f-23-check\misis2024s-23-01-bauer-v-v\build.check\prj.test\test_stacklstt.vcxproj]
    49>D:\projects\misis2023f-23-check\misis2024s-23-01-bauer-v-v\prj.test\test_stacklstt.cpp(94,7): warning C4834: discarding return value of function with [[nodiscard]] attribute [D:\projects\misis2023f-23-check\misis2024s-23-01-bauer-v-v\build.check\prj.test\test_stacklstt.vcxproj]
